========================================
Checking Volume: 2a1a15a4ac167847e57a9e60c78e6784a7cbaf01f4f6fcaa38be95b9a375773c
-> Not a PostgreSQL database or empty.
========================================
Checking Volume: 02af0ad10c1115d31714f3d3c08bea6d07366c317749b04b62fdb512b33b5d9d
-> Not a PostgreSQL database or empty.
========================================
Checking Volume: 3ce2e3d4c959ebe49c34690d4def7c209253559aca3e7e1dbcd29837aea9a9d4
-> Not a PostgreSQL database or empty.
========================================
Checking Volume: 4b8755a5fde2539462026e3273bdf9f4725532f2f5e21de5acbf1663a23e4ce9
-> FOUND existing database in volume: 4b8755a5fde2539462026e3273bdf9f4725532f2f5e21de5acbf1663a23e4ce9
========================================
Checking Volume: 4fd103eb763dc04790af3e322370d37b69187715a5635ed6f0e1a2a60265262d
-> FOUND existing database in volume: 4fd103eb763dc04790af3e322370d37b69187715a5635ed6f0e1a2a60265262d
========================================
Checking Volume: 19cad3c6b46aec8043c5fa307f2fe9bbee3b65bdb3d2fa2d8d7383854f6d2b99
-> Not a PostgreSQL database or empty.
========================================
Checking Volume: 91beebeab1e361db371549ddcda214ee417c6809838c20c8d23f1e7b4afe5a91
-> FOUND existing database in volume: 91beebeab1e361db371549ddcda214ee417c6809838c20c8d23f1e7b4afe5a91
========================================
Checking Volume: 231fc17e8995e7e83d5d3b0049bfb18e296e56afd81481da43a5da3d88a58b33
-> FOUND existing database in volume: 231fc17e8995e7e83d5d3b0049bfb18e296e56afd81481da43a5da3d88a58b33
========================================
Checking Volume: 918a4be382363b64cc8bd49b549817b5d36861fa56edcee85584592cfeb23e82
-> Not a PostgreSQL database or empty.
========================================
Checking Volume: 0979beb91fb99d212785180bd30bae3ea1f6f90e71447a294584f9cef26c5c2f
-> FOUND existing database in volume: 0979beb91fb99d212785180bd30bae3ea1f6f90e71447a294584f9cef26c5c2f
========================================
Checking Volume: 5279ad5b2407ff34c5e8ff468685e330bf2c2f782b7c111a35cb1caaea53e547
-> FOUND existing database in volume: 5279ad5b2407ff34c5e8ff468685e330bf2c2f782b7c111a35cb1caaea53e547
========================================
Checking Volume: 37724c37b38c2a3bfa9b763714194ed639e7d4d50f3d357d3fea2b93799a4e21
-> Not a PostgreSQL database or empty.
========================================
Checking Volume: 8118944f814e667cacf4f9ccddeb33e983578a771cdbac2b50f7ebe884fd6924
-> FOUND existing database in volume: 8118944f814e667cacf4f9ccddeb33e983578a771cdbac2b50f7ebe884fd6924
========================================
Checking Volume: b52ab9bb5eea88f8ed37fb1ccf39517dcf84e73e2250c49f09edbef84ccf57dd
-> Not a PostgreSQL database or empty.
========================================
Checking Volume: e5f27dcc1aa01f003d700f109a4aa89ac7ffd8e695425f87a9577277c8893d30
-> FOUND existing database in volume: e5f27dcc1aa01f003d700f109a4aa89ac7ffd8e695425f87a9577277c8893d30
========================================
Checking Volume: ec99eb23a7f2a2d9691ae221098dfc1225e53b5a25d7f800d4f6f6ebfe50637e
-> Not a PostgreSQL database or empty.
========================================
Checking Volume: ec518f6a-c5b5-4935-a3bd-71616e26ed04_pgdata
-> FOUND existing database in volume: ec518f6a-c5b5-4935-a3bd-71616e26ed04_pgdata
========================================
Checking Volume: ec518f6a-c5b5-4935-a3bd-71616e26ed04_postgres_data
-> FOUND existing database in volume: ec518f6a-c5b5-4935-a3bd-71616e26ed04_postgres_data
  Found DB: nikke_arena
  -> Found 'tournaments' table!
  -> Records in tournaments: 0 
========================================
Checking Volume: f1bc7d6f1ddef1a3556003edcdd3923d38f8609a9da229403df290b570fa19c6
-> Not a PostgreSQL database or empty.
========================================
Checking Volume: f6be8f4b00161688c141ca04362814ba6a72a4f3beb51456827558d07fb22110
-> Not a PostgreSQL database or empty.
========================================
Checking Volume: f437e1592abb22866c7fecb02e6d397a87cde9ac951557a1d249448e2283ce45
-> Not a PostgreSQL database or empty.
========================================
Checking Volume: fd83ecd0881aabfe14c5293368bdd9b3ad46c69e0ace47c6da0041811d3e75c8
-> Not a PostgreSQL database or empty.
