========================================
Checking PostgreSQL Volume: 4b8755a5fde2539462026e3273bdf9f4725532f2f5e21de5acbf1663a23e4ce9
-> Failed to boot PostgreSQL or pg_isready timeout.
   Logs: 
========================================
Checking PostgreSQL Volume: 4fd103eb763dc04790af3e322370d37b69187715a5635ed6f0e1a2a60265262d
-> Failed to boot PostgreSQL or pg_isready timeout.
   Logs: 
========================================
Checking PostgreSQL Volume: 91beebeab1e361db371549ddcda214ee417c6809838c20c8d23f1e7b4afe5a91
-> Failed to boot PostgreSQL or pg_isready timeout.
   Logs: 
========================================
Checking PostgreSQL Volume: 231fc17e8995e7e83d5d3b0049bfb18e296e56afd81481da43a5da3d88a58b33
-> Failed to boot PostgreSQL or pg_isready timeout.
   Logs: 
========================================
Checking PostgreSQL Volume: 0979beb91fb99d212785180bd30bae3ea1f6f90e71447a294584f9cef26c5c2f
-> Failed to boot PostgreSQL or pg_isready timeout.
   Logs: 
========================================
Checking PostgreSQL Volume: 5279ad5b2407ff34c5e8ff468685e330bf2c2f782b7c111a35cb1caaea53e547
-> Failed to boot PostgreSQL or pg_isready timeout.
   Logs: 
========================================
Checking PostgreSQL Volume: 8118944f814e667cacf4f9ccddeb33e983578a771cdbac2b50f7ebe884fd6924
-> Failed to boot PostgreSQL or pg_isready timeout.
   Logs: 
========================================
Checking PostgreSQL Volume: e5f27dcc1aa01f003d700f109a4aa89ac7ffd8e695425f87a9577277c8893d30
-> Failed to boot PostgreSQL or pg_isready timeout.
   Logs: 
========================================
Checking PostgreSQL Volume: ec518f6a-c5b5-4935-a3bd-71616e26ed04_pgdata
-> Failed to boot PostgreSQL or pg_isready timeout.
   Logs: 
========================================
Checking PostgreSQL Volume: ec518f6a-c5b5-4935-a3bd-71616e26ed04_postgres_data
-> Failed to boot PostgreSQL or pg_isready timeout.
   Logs: 
