Unable to find image 'alpine:latest' locally
latest: Pulling from library/alpine
56dceff11b33: Download complete
f5124fb579e2: Download complete
Digest: sha256:28bd5fe8b56d1bd048e5babf5b10710ebe0bae67db86916198a6eec434943f8b
Status: Downloaded newer image for alpine:latest
total 1504
drwx------  322 999      root         12288 Jun 19 15:39 .
drwxr-xr-x    1 root     root          4096 Jun 19 17:37 ..
drwxr-xr-x    2 999      root          4096 Jun 19 15:39 .bin
-rw-r--r--    1 999      root        209913 Jun 19 15:39 .package-lock.json
drwxr-xr-x    3 999      root          4096 Jun 19 15:39 @alloc
drwxr-xr-x   18 999      root          4096 Jun 19 15:39 @babel
drwxr-xr-x    5 999      root          4096 Jun 19 15:39 @emnapi
drwxr-xr-x    9 999      root          4096 Jun 19 15:39 @eslint
drwxr-xr-x    4 999      root          4096 Jun 19 15:39 @eslint-community
drwxr-xr-x    5 999      root          4096 Jun 19 15:39 @humanfs
drwxr-xr-x    4 999      root          4096 Jun 19 15:39 @humanwhocodes
drwxr-xr-x    7 999      root          4096 Jun 19 15:39 @img
drwxr-xr-x    7 999      root          4096 Jun 19 15:39 @jridgewell
drwxr-xr-x    3 999      root          4096 Jun 19 15:39 @napi-rs
drwxr-xr-x    6 999      root          4096 Jun 19 15:39 @next
drwxr-xr-x    5 999      root          4096 Jun 19 15:39 @nodelib
drwxr-xr-x    3 999      root          4096 Jun 19 15:39 @nolyfill
drwxr-xr-x    3 999      root          4096 Jun 19 15:39 @reduxjs
drwxr-xr-x    3 999      root          4096 Jun 19 15:39 @rtsao
drwxr-xr-x    4 999      root          4096 Jun 19 15:39 @standard-schema
drwxr-xr-x    3 999      root          4096 Jun 19 15:39 @swc
drwxr-xr-x    7 999      root          4096 Jun 19 15:39 @tailwindcss
drwxr-xr-x    3 999      root          4096 Jun 19 15:39 @tybys
drwxr-xr-x   18 999      root          4096 Jun 19 15:39 @types
drwxr-xr-x   12 999      root          4096 Jun 19 15:39 @typescript-eslint
drwxr-xr-x    4 999      root          4096 Jun 19 15:39 @unrs
drwxr-xr-x    4 999      root          4096 Jun 19 15:39 acorn
drwxr-xr-x    2 999      root          4096 Jun 19 15:39 acorn-jsx
drwxr-xr-x    5 999      root          4096 Jun 19 15:39 ajv
drwxr-xr-x    2 999      root          4096 Jun 19 15:39 ansi-styles
drwxr-xr-x    3 999      root          4096 Jun 19 15:39 argparse
drwxr-xr-x    3 999      root          4096 Jun 19 15:39 aria-query
drwxr-xr-x    4 999      root          4096 Jun 19 15:39 array-buffer-byte-length
drwxr-xr-x    4 999      root          4096 Jun 19 15:39 array-includes
drwxr-xr-x    4 999      root          4096 Jun 19 15:39 array.prototype.findlast
drwxr-xr-x    4 999      root          4096 Jun 19 15:39 array.prototype.findlastindex
drwxr-xr-x    4 999      root          4096 Jun 19 15:39 array.prototype.flat
drwxr-xr-x    4 999      root          4096 Jun 19 15:39 array.prototype.flatmap
drwxr-xr-x    4 999      root          4096 Jun 19 15:39 array.prototype.tosorted
drwxr-xr-x    3 999      root          4096 Jun 19 15:39 arraybuffer.prototype.slice
drwxr-xr-x    3 999      root          4096 Jun 19 15:39 ast-types-flow
drwxr-xr-x    4 999      root          4096 Jun 19 15:39 async-function
drwxr-xr-x    4 999      root          4096 Jun 19 15:39 available-typed-arrays
drwxr-xr-x    3 999      root          4096 Jun 19 15:39 axe-core
drwxr-xr-x    3 999      root          4096 Jun 19 15:39 axobject-query
drwxr-xr-x    3 999      root          4096 Jun 19 15:39 balanced-match
drwxr-xr-x    3 999      root          4096 Jun 19 15:39 baseline-browser-mapping
drwxr-xr-x    2 999      root          4096 Jun 19 15:39 brace-expansion
drwxr-xr-x    3 999      root          4096 Jun 19 15:39 braces
drwxr-xr-x    2 999      root          4096 Jun 19 15:39 browserslist
drwxr-xr-x    4 999      root          4096 Jun 19 15:39 call-bind
drwxr-xr-x    4 999      root          4096 Jun 19 15:39 call-bind-apply-helpers
drwxr-xr-x    4 999      root          4096 Jun 19 15:39 call-bound
drwxr-xr-x    2 999      root          4096 Jun 19 15:39 callsites
drwxr-xr-x    4 999      root          4096 Jun 19 15:39 caniuse-lite
drwxr-xr-x    3 999      root          4096 Jun 19 15:39 chalk
drwxr-xr-x    2 999      root          4096 Jun 19 15:39 client-only
drwxr-xr-x    3 999      root          4096 Jun 19 15:39 clsx
drwxr-xr-x    2 999      root          4096 Jun 19 15:39 color-convert
drwxr-xr-x    2 999      root          4096 Jun 19 15:39 color-name
drwxr-xr-x    4 999      root          4096 Jun 19 15:39 concat-map
drwxr-xr-x    2 999      root          4096 Jun 19 15:39 convert-source-map
drwxr-xr-x    3 999      root          4096 Jun 19 15:39 cross-spawn
drwxr-xr-x    2 999      root          4096 Jun 19 15:39 csstype
drwxr-xr-x    4 999      root          4096 Jun 19 15:39 d3-array
drwxr-xr-x    4 999      root          4096 Jun 19 15:39 d3-color
drwxr-xr-x    4 999      root          4096 Jun 19 15:39 d3-ease
drwxr-xr-x    5 999      root          4096 Jun 19 15:39 d3-format
drwxr-xr-x    4 999      root          4096 Jun 19 15:39 d3-interpolate
drwxr-xr-x    4 999      root          4096 Jun 19 15:39 d3-path
drwxr-xr-x    4 999      root          4096 Jun 19 15:39 d3-scale
drwxr-xr-x    4 999      root          4096 Jun 19 15:39 d3-shape
drwxr-xr-x    4 999      root          4096 Jun 19 15:39 d3-time
drwxr-xr-x    5 999      root          4096 Jun 19 15:39 d3-time-format
drwxr-xr-x    4 999      root          4096 Jun 19 15:39 d3-timer
drwxr-xr-x    4 999      root          4096 Jun 19 15:39 damerau-levenshtein
drwxr-xr-x    4 999      root          4096 Jun 19 15:39 data-view-buffer
drwxr-xr-x    4 999      root          4096 Jun 19 15:39 data-view-byte-length
drwxr-xr-x    4 999      root          4096 Jun 19 15:39 data-view-byte-offset
drwxr-xr-x    3 999      root          4096 Jun 19 15:39 debug
drwxr-xr-x    3 999      root          4096 Jun 19 15:39 decimal.js-light
drwxr-xr-x    4 999      root          4096 Jun 19 15:39 deep-is
drwxr-xr-x    4 999      root          4096 Jun 19 15:39 define-data-property
drwxr-xr-x    3 999      root          4096 Jun 19 15:39 define-properties
drwxr-xr-x    3 999      root          4096 Jun 19 15:39 detect-libc
drwxr-xr-x    3 999      root          4096 Jun 19 15:39 doctrine
drwxr-xr-x    4 999      root          4096 Jun 19 15:39 dunder-proto
drwxr-xr-x    2 999      root          4096 Jun 19 15:39 electron-to-chromium
drwxr-xr-x    3 999      root          4096 Jun 19 15:39 emoji-regex
drwxr-xr-x    3 999      root          4096 Jun 19 15:39 enhanced-resolve
drwxr-xr-x   16 999      root          4096 Jun 19 15:39 es-abstract
drwxr-xr-x    4 999      root          4096 Jun 19 15:39 es-define-property
drwxr-xr-x    4 999      root          4096 Jun 19 15:39 es-errors
drwxr-xr-x   26 999      root          4096 Jun 19 15:39 es-iterator-helpers
drwxr-xr-x    4 999      root          4096 Jun 19 15:39 es-object-atoms
drwxr-xr-x    3 999      root          4096 Jun 19 15:39 es-set-tostringtag
drwxr-xr-x    4 999      root          4096 Jun 19 15:39 es-shim-unscopables
drwxr-xr-x    5 999      root          4096 Jun 19 15:39 es-to-primitive
drwxr-xr-x    5 999      root          4096 Jun 19 15:39 es-toolkit
drwxr-xr-x    4 999      root          4096 Jun 19 15:39 escalade
drwxr-xr-x    2 999      root          4096 Jun 19 15:39 escape-string-regexp
drwxr-xr-x    6 999      root          4096 Jun 19 15:39 eslint
drwxr-xr-x    4 999      root          4096 Jun 19 15:39 eslint-config-next
drwxr-xr-x    3 999      root          4096 Jun 19 15:39 eslint-import-resolver-node
drwxr-xr-x    3 999      root          4096 Jun 19 15:39 eslint-import-resolver-typescript
drwxr-xr-x    3 999      root          4096 Jun 19 15:39 eslint-module-utils
drwxr-xr-x    7 999      root          4096 Jun 19 15:39 eslint-plugin-import
drwxr-xr-x    6 999      root          4096 Jun 19 15:39 eslint-plugin-jsx-a11y
drwxr-xr-x    4 999      root          4096 Jun 19 15:39 eslint-plugin-react
drwxr-xr-x    3 999      root          4096 Jun 19 15:39 eslint-plugin-react-hooks
drwxr-xr-x    4 999      root          4096 Jun 19 15:39 eslint-scope
drwxr-xr-x    4 999      root          4096 Jun 19 15:39 eslint-visitor-keys
drwxr-xr-x    4 999      root          4096 Jun 19 15:39 espree
drwxr-xr-x    3 999      root          4096 Jun 19 15:39 esquery
drwxr-xr-x    2 999      root          4096 Jun 19 15:39 esrecurse
drwxr-xr-x    2 999      root          4096 Jun 19 15:39 estraverse
drwxr-xr-x    3 999      root          4096 Jun 19 15:39 esutils
drwxr-xr-x    3 999      root          4096 Jun 19 15:39 eventemitter3
drwxr-xr-x    3 999      root          4096 Jun 19 15:39 fast-deep-equal
drwxr-xr-x    4 999      root          4096 Jun 19 15:39 fast-glob
drwxr-xr-x    6 999      root          4096 Jun 19 15:39 fast-json-stable-stringify
drwxr-xr-x    2 999      root          4096 Jun 19 15:39 fast-levenshtein
drwxr-xr-x    3 999      root          4096 Jun 19 15:39 fastq
drwxr-xr-x    2 999      root          4096 Jun 19 15:39 file-entry-cache
drwxr-xr-x    2 999      root          4096 Jun 19 15:39 fill-range
drwxr-xr-x    2 999      root          4096 Jun 19 15:39 find-up
drwxr-xr-x    3 999      root          4096 Jun 19 15:39 flat-cache
drwxr-xr-x    8 999      root          4096 Jun 19 15:39 flatted
drwxr-xr-x    4 999      root          4096 Jun 19 15:39 for-each
drwxr-xr-x    4 999      root          4096 Jun 19 15:39 function-bind
drwxr-xr-x    5 999      root          4096 Jun 19 15:39 function.prototype.name
drwxr-xr-x    4 999      root          4096 Jun 19 15:39 functions-have-names
drwxr-xr-x    4 999      root          4096 Jun 19 15:39 generator-function
drwxr-xr-x    3 999      root          4096 Jun 19 15:39 gensync
drwxr-xr-x    4 999      root          4096 Jun 19 15:39 get-intrinsic
drwxr-xr-x    4 999      root          4096 Jun 19 15:39 get-proto
drwxr-xr-x    4 999      root          4096 Jun 19 15:39 get-symbol-description
drwxr-xr-x    3 999      root          4096 Jun 19 15:39 get-tsconfig
drwxr-xr-x    2 999      root          4096 Jun 19 15:39 glob-parent
drwxr-xr-x    2 999      root          4096 Jun 19 15:39 globals
drwxr-xr-x    3 999      root          4096 Jun 19 15:39 globalthis
drwxr-xr-x    4 999      root          4096 Jun 19 15:39 gopd
drwxr-xr-x    2 999      root          4096 Jun 19 15:39 graceful-fs
drwxr-xr-x    4 999      root          4096 Jun 19 15:39 has-bigints
drwxr-xr-x    2 999      root          4096 Jun 19 15:39 has-flag
drwxr-xr-x    4 999      root          4096 Jun 19 15:39 has-property-descriptors
drwxr-xr-x    4 999      root          4096 Jun 19 15:39 has-proto
drwxr-xr-x    4 999      root          4096 Jun 19 15:39 has-symbols
drwxr-xr-x    4 999      root          4096 Jun 19 15:39 has-tostringtag
drwxr-xr-x    3 999      root          4096 Jun 19 15:39 hasown
drwxr-xr-x    3 999      root          4096 Jun 19 15:39 hermes-estree
drwxr-xr-x    3 999      root          4096 Jun 19 15:39 hermes-parser
drwxr-xr-x    2 999      root          4096 Jun 19 15:39 ignore
drwxr-xr-x    4 999      root          4096 Jun 19 15:39 immer
drwxr-xr-x    2 999      root          4096 Jun 19 15:39 import-fresh
drwxr-xr-x    2 999      root          4096 Jun 19 15:39 imurmurhash
drwxr-xr-x    4 999      root          4096 Jun 19 15:39 internal-slot
drwxr-xr-x    4 999      root          4096 Jun 19 15:39 internmap
drwxr-xr-x    4 999      root          4096 Jun 19 15:39 is-array-buffer
drwxr-xr-x    3 999      root          4096 Jun 19 15:39 is-async-function
drwxr-xr-x    4 999      root          4096 Jun 19 15:39 is-bigint
drwxr-xr-x    4 999      root          4096 Jun 19 15:39 is-boolean-object
drwxr-xr-x    4 999      root          4096 Jun 19 15:39 is-bun-module
drwxr-xr-x    4 999      root          4096 Jun 19 15:39 is-callable
drwxr-xr-x    3 999      root          4096 Jun 19 15:39 is-core-module
drwxr-xr-x    4 999      root          4096 Jun 19 15:39 is-data-view
drwxr-xr-x    4 999      root          4096 Jun 19 15:39 is-date-object
drwxr-xr-x    2 999      root          4096 Jun 19 15:39 is-extglob
drwxr-xr-x    4 999      root          4096 Jun 19 15:39 is-finalizationregistry
drwxr-xr-x    3 999      root          4096 Jun 19 15:39 is-generator-function
drwxr-xr-x    2 999      root          4096 Jun 19 15:39 is-glob
drwxr-xr-x    4 999      root          4096 Jun 19 15:39 is-map
drwxr-xr-x    4 999      root          4096 Jun 19 15:39 is-negative-zero
drwxr-xr-x    2 999      root          4096 Jun 19 15:39 is-number
drwxr-xr-x    4 999      root          4096 Jun 19 15:39 is-number-object
drwxr-xr-x    3 999      root          4096 Jun 19 15:39 is-regex
drwxr-xr-x    4 999      root          4096 Jun 19 15:39 is-set
drwxr-xr-x    4 999      root          4096 Jun 19 15:39 is-shared-array-buffer
drwxr-xr-x    4 999      root          4096 Jun 19 15:39 is-string
drwxr-xr-x    4 999      root          4096 Jun 19 15:39 is-symbol
drwxr-xr-x    4 999      root          4096 Jun 19 15:39 is-typed-array
drwxr-xr-x    4 999      root          4096 Jun 19 15:39 is-weakmap
drwxr-xr-x    4 999      root          4096 Jun 19 15:39 is-weakref
drwxr-xr-x    4 999      root          4096 Jun 19 15:39 is-weakset
drwxr-xr-x    2 999      root          4096 Jun 19 15:39 isarray
drwxr-xr-x    3 999      root          4096 Jun 19 15:39 isexe
drwxr-xr-x    4 999      root          4096 Jun 19 15:39 iterator.prototype
drwxr-xr-x    4 999      root          4096 Jun 19 15:39 jiti
drwxr-xr-x    2 999      root          4096 Jun 19 15:39 js-tokens
drwxr-xr-x    5 999      root          4096 Jun 19 15:39 js-yaml
drwxr-xr-x    4 999      root          4096 Jun 19 15:39 jsesc
drwxr-xr-x    3 999      root          4096 Jun 19 15:39 json-buffer
drwxr-xr-x    3 999      root          4096 Jun 19 15:39 json-schema-traverse
drwxr-xr-x    4 999      root          4096 Jun 19 15:39 json-stable-stringify-without-jsonify
drwxr-xr-x    4 999      root          4096 Jun 19 15:39 json5
drwxr-xr-x    6 999      root          4096 Jun 19 15:39 jsx-ast-utils
drwxr-xr-x    3 999      root          4096 Jun 19 15:39 keyv
drwxr-xr-x    3 999      root          4096 Jun 19 15:39 language-subtag-registry
drwxr-xr-x    3 999      root          4096 Jun 19 15:39 language-tags
drwxr-xr-x    3 999      root          4096 Jun 19 15:39 levn
drwxr-xr-x    3 999      root          4096 Jun 19 15:39 lightningcss
drwxr-xr-x    2 999      root          4096 Jun 19 15:39 lightningcss-linux-x64-gnu
drwxr-xr-x    2 999      root          4096 Jun 19 15:39 lightningcss-linux-x64-musl
drwxr-xr-x    2 999      root          4096 Jun 19 15:39 locate-path
drwxr-xr-x    2 999      root          4096 Jun 19 15:39 lodash.merge
drwxr-xr-x    2 999      root          4096 Jun 19 15:39 loose-envify
drwxr-xr-x    2 999      root          4096 Jun 19 15:39 lru-cache
drwxr-xr-x    3 999      root          4096 Jun 19 15:39 lucide-react
drwxr-xr-x    3 999      root          4096 Jun 19 15:39 magic-string
drwxr-xr-x    5 999      root          4096 Jun 19 15:39 math-intrinsics
drwxr-xr-x    2 999      root          4096 Jun 19 15:39 merge2
drwxr-xr-x    2 999      root          4096 Jun 19 15:39 micromatch
drwxr-xr-x    2 999      root          4096 Jun 19 15:39 minimatch
drwxr-xr-x    5 999      root          4096 Jun 19 15:39 minimist
drwxr-xr-x    2 999      root          4096 Jun 19 15:39 ms
drwxr-xr-x    6 999      root          4096 Jun 19 15:39 nanoid
drwxr-xr-x    3 999      root          4096 Jun 19 15:39 napi-postinstall
drwxr-xr-x    2 999      root          4096 Jun 19 15:39 natural-compare
drwxr-xr-x   11 999      root          4096 Jun 19 15:39 next
drwxr-xr-x    4 999      root          4096 Jun 19 15:39 node-exports-info
drwxr-xr-x    3 999      root          4096 Jun 19 15:39 node-releases
drwxr-xr-x    3 999      root          4096 Jun 19 15:39 normalize-wheel
drwxr-xr-x    2 999      root          4096 Jun 19 15:39 object-assign
drwxr-xr-x    5 999      root          4096 Jun 19 15:39 object-inspect
drwxr-xr-x    3 999      root          4096 Jun 19 15:39 object-keys
drwxr-xr-x    5 999      root          4096 Jun 19 15:39 object.assign
drwxr-xr-x    3 999      root          4096 Jun 19 15:39 object.entries
drwxr-xr-x    3 999      root          4096 Jun 19 15:39 object.fromentries
drwxr-xr-x    4 999      root          4096 Jun 19 15:39 object.groupby
drwxr-xr-x    3 999      root          4096 Jun 19 15:39 object.values
drwxr-xr-x    3 999      root          4096 Jun 19 15:39 optionator
drwxr-xr-x    4 999      root          4096 Jun 19 15:39 own-keys
drwxr-xr-x    2 999      root          4096 Jun 19 15:39 p-limit
drwxr-xr-x    2 999      root          4096 Jun 19 15:39 p-locate
drwxr-xr-x    2 999      root          4096 Jun 19 15:39 parent-module
drwxr-xr-x    2 999      root          4096 Jun 19 15:39 path-exists
drwxr-xr-x    2 999      root          4096 Jun 19 15:39 path-key
drwxr-xr-x    2 999      root          4096 Jun 19 15:39 path-parse
drwxr-xr-x    2 999      root          4096 Jun 19 15:39 picocolors
drwxr-xr-x    3 999      root          4096 Jun 19 15:39 picomatch
drwxr-xr-x    4 999      root          4096 Jun 19 15:39 possible-typed-array-names
drwxr-xr-x    3 999      root          4096 Jun 19 15:39 postcss
drwxr-xr-x    3 999      root          4096 Jun 19 15:39 prelude-ls
drwxr-xr-x    3 999      root          4096 Jun 19 15:39 prop-types
drwxr-xr-x    2 999      root          4096 Jun 19 15:39 punycode
drwxr-xr-x    2 999      root          4096 Jun 19 15:39 queue-microtask
drwxr-xr-x    3 999      root          4096 Jun 19 15:39 react
drwxr-xr-x    3 999      root          4096 Jun 19 15:39 react-dom
drwxr-xr-x    3 999      root          4096 Jun 19 15:39 react-easy-crop
drwxr-xr-x    4 999      root          4096 Jun 19 15:39 react-is
drwxr-xr-x    4 999      root          4096 Jun 19 15:39 react-redux
drwxr-xr-x    6 999      root          4096 Jun 19 15:39 recharts
drwxr-xr-x    4 999      root          4096 Jun 19 15:39 redux
drwxr-xr-x    4 999      root          4096 Jun 19 15:39 redux-thunk
drwxr-xr-x    3 999      root          4096 Jun 19 15:39 reflect.getprototypeof
drwxr-xr-x    3 999      root          4096 Jun 19 15:39 regexp.prototype.flags
drwxr-xr-x    4 999      root          4096 Jun 19 15:39 reselect
drwxr-xr-x    8 999      root          4096 Jun 19 15:39 resolve
drwxr-xr-x    2 999      root          4096 Jun 19 15:39 resolve-from
drwxr-xr-x    3 999      root          4096 Jun 19 15:39 resolve-pkg-maps
drwxr-xr-x    4 999      root          4096 Jun 19 15:39 reusify
drwxr-xr-x    2 999      root          4096 Jun 19 15:39 run-parallel
drwxr-xr-x    4 999      root          4096 Jun 19 15:39 safe-array-concat
drwxr-xr-x    4 999      root          4096 Jun 19 15:39 safe-push-apply
drwxr-xr-x    4 999      root          4096 Jun 19 15:39 safe-regex-test
drwxr-xr-x    3 999      root          4096 Jun 19 15:39 scheduler
drwxr-xr-x    3 999      root          4096 Jun 19 15:39 semver
drwxr-xr-x    3 999      root          4096 Jun 19 15:39 set-function-length
drwxr-xr-x    3 999      root          4096 Jun 19 15:39 set-function-name
drwxr-xr-x    4 999      root          4096 Jun 19 15:39 set-proto
drwxr-xr-x    6 999      root          4096 Jun 19 15:39 sharp
drwxr-xr-x    2 999      root          4096 Jun 19 15:39 shebang-command
drwxr-xr-x    2 999      root          4096 Jun 19 15:39 shebang-regex
drwxr-xr-x    4 999      root          4096 Jun 19 15:39 side-channel
drwxr-xr-x    4 999      root          4096 Jun 19 15:39 side-channel-list
drwxr-xr-x    4 999      root          4096 Jun 19 15:39 side-channel-map
drwxr-xr-x    4 999      root          4096 Jun 19 15:39 side-channel-weakmap
drwxr-xr-x    3 999      root          4096 Jun 19 15:39 source-map-js
drwxr-xr-x    3 999      root          4096 Jun 19 15:39 stable-hash
drwxr-xr-x    4 999      root          4096 Jun 19 15:39 stop-iteration-iterator
drwxr-xr-x    4 999      root          4096 Jun 19 15:39 string.prototype.includes
drwxr-xr-x    4 999      root          4096 Jun 19 15:39 string.prototype.matchall
drwxr-xr-x    3 999      root          4096 Jun 19 15:39 string.prototype.repeat
drwxr-xr-x    3 999      root          4096 Jun 19 15:39 string.prototype.trim
drwxr-xr-x    3 999      root          4096 Jun 19 15:39 string.prototype.trimend
drwxr-xr-x    3 999      root          4096 Jun 19 15:39 string.prototype.trimstart
drwxr-xr-x    2 999      root          4096 Jun 19 15:39 strip-bom
drwxr-xr-x    2 999      root          4096 Jun 19 15:39 strip-json-comments
drwxr-xr-x    4 999      root          4096 Jun 19 15:39 styled-jsx
drwxr-xr-x    2 999      root          4096 Jun 19 15:39 supports-color
drwxr-xr-x    4 999      root          4096 Jun 19 15:39 supports-preserve-symlinks-flag
drwxr-xr-x    3 999      root          4096 Jun 19 15:39 tailwindcss
drwxr-xr-x    3 999      root          4096 Jun 19 15:39 tapable
drwxr-xr-x    4 999      root          4096 Jun 19 15:39 tiny-invariant
drwxr-xr-x    4 999      root          4096 Jun 19 15:39 tinyglobby
drwxr-xr-x    2 999      root          4096 Jun 19 15:39 to-regex-range
drwxr-xr-x    3 999      root          4096 Jun 19 15:39 ts-api-utils
drwxr-xr-x    5 999      root          4096 Jun 19 15:39 tsconfig-paths
drwxr-xr-x    3 999      root          4096 Jun 19 15:39 tslib
drwxr-xr-x    3 999      root          4096 Jun 19 15:39 type-check
drwxr-xr-x    4 999      root          4096 Jun 19 15:39 typed-array-buffer
drwxr-xr-x    4 999      root          4096 Jun 19 15:39 typed-array-byte-length
drwxr-xr-x    4 999      root          4096 Jun 19 15:39 typed-array-byte-offset
drwxr-xr-x    4 999      root          4096 Jun 19 15:39 typed-array-length
drwxr-xr-x    4 999      root          4096 Jun 19 15:39 typescript
drwxr-xr-x    3 999      root          4096 Jun 19 15:39 typescript-eslint
drwxr-xr-x    4 999      root          4096 Jun 19 15:39 unbox-primitive
drwxr-xr-x    2 999      root          4096 Jun 19 15:39 undici-types
drwxr-xr-x    2 999      root          4096 Jun 19 15:39 unrs-resolver
drwxr-xr-x    2 999      root          4096 Jun 19 15:39 update-browserslist-db
drwxr-xr-x    3 999      root          4096 Jun 19 15:39 uri-js
drwxr-xr-x    4 999      root          4096 Jun 19 15:39 use-sync-external-store
drwxr-xr-x    5 999      root          4096 Jun 19 15:39 victory-vendor
drwxr-xr-x    3 999      root          4096 Jun 19 15:39 which
drwxr-xr-x    4 999      root          4096 Jun 19 15:39 which-boxed-primitive
drwxr-xr-x    3 999      root          4096 Jun 19 15:39 which-builtin-type
drwxr-xr-x    4 999      root          4096 Jun 19 15:39 which-collection
drwxr-xr-x    4 999      root          4096 Jun 19 15:39 which-typed-array
drwxr-xr-x    2 999      root          4096 Jun 19 15:39 word-wrap
drwxr-xr-x    2 999      root          4096 Jun 19 15:39 yallist
drwxr-xr-x    2 999      root          4096 Jun 19 15:39 yocto-queue
drwxr-xr-x    8 999      root          4096 Jun 19 15:39 zod
drwxr-xr-x    4 999      root          4096 Jun 19 15:39 zod-validation-error
