========================================
VOLUME: 2a1a15a4ac167847e57a9e60c78e6784a7cbaf01f4f6fcaa38be95b9a375773c
Found 0 files.
  /mnt/reflect.getprototypeof/.nycrc
  /mnt/reflect.getprototypeof/implementation.js
  /mnt/reflect.getprototypeof/auto.js
  /mnt/reflect.getprototypeof/LICENSE
  /mnt/reflect.getprototypeof/shim.js
  /mnt/reflect.getprototypeof/polyfill.js
  /mnt/reflect.getprototypeof/README.md
  /mnt/reflect.getprototypeof/CHANGELOG.md
  /mnt/reflect.getprototypeof/.eslintrc
  /mnt/reflect.getprototypeof/package.json
  /mnt/reflect.getprototypeof/index.js
  /mnt/reflect.getprototypeof/test/implementation.js
  /mnt/reflect.getprototypeof/test/tests.js
  /mnt/reflect.getprototypeof/test/shimmed.js
  /mnt/reflect.getprototypeof/test/index.js
  /mnt/define-data-property/.nycrc
  /mnt/define-data-property/LICENSE
  /mnt/define-data-property/index.d.ts
  /mnt/define-data-property/.github/FUNDING.yml
  /mnt/define-data-property/README.md
========================================
VOLUME: 02af0ad10c1115d31714f3d3c08bea6d07366c317749b04b62fdb512b33b5d9d
Found 0 files.
  /mnt/reflect.getprototypeof/.nycrc
  /mnt/reflect.getprototypeof/implementation.js
  /mnt/reflect.getprototypeof/auto.js
  /mnt/reflect.getprototypeof/LICENSE
  /mnt/reflect.getprototypeof/shim.js
  /mnt/reflect.getprototypeof/polyfill.js
  /mnt/reflect.getprototypeof/README.md
  /mnt/reflect.getprototypeof/CHANGELOG.md
  /mnt/reflect.getprototypeof/.eslintrc
  /mnt/reflect.getprototypeof/package.json
  /mnt/reflect.getprototypeof/index.js
  /mnt/reflect.getprototypeof/test/implementation.js
  /mnt/reflect.getprototypeof/test/tests.js
  /mnt/reflect.getprototypeof/test/shimmed.js
  /mnt/reflect.getprototypeof/test/index.js
  /mnt/define-data-property/.nycrc
  /mnt/define-data-property/LICENSE
  /mnt/define-data-property/index.d.ts
  /mnt/define-data-property/.github/FUNDING.yml
  /mnt/define-data-property/README.md
========================================
VOLUME: 3ce2e3d4c959ebe49c34690d4def7c209253559aca3e7e1dbcd29837aea9a9d4
Found 0 files.
  /mnt/reflect.getprototypeof/.nycrc
  /mnt/reflect.getprototypeof/implementation.js
  /mnt/reflect.getprototypeof/auto.js
  /mnt/reflect.getprototypeof/LICENSE
  /mnt/reflect.getprototypeof/shim.js
  /mnt/reflect.getprototypeof/polyfill.js
  /mnt/reflect.getprototypeof/README.md
  /mnt/reflect.getprototypeof/CHANGELOG.md
  /mnt/reflect.getprototypeof/.eslintrc
  /mnt/reflect.getprototypeof/package.json
  /mnt/reflect.getprototypeof/index.js
  /mnt/reflect.getprototypeof/test/implementation.js
  /mnt/reflect.getprototypeof/test/tests.js
  /mnt/reflect.getprototypeof/test/shimmed.js
  /mnt/reflect.getprototypeof/test/index.js
  /mnt/define-data-property/.nycrc
  /mnt/define-data-property/LICENSE
  /mnt/define-data-property/index.d.ts
  /mnt/define-data-property/.github/FUNDING.yml
  /mnt/define-data-property/README.md
========================================
VOLUME: 4b8755a5fde2539462026e3273bdf9f4725532f2f5e21de5acbf1663a23e4ce9
Found 0 files.
  /mnt/postmaster.opts
  /mnt/global/2677
  /mnt/global/3593
  /mnt/global/4184
  /mnt/global/1233
  /mnt/global/6001
  /mnt/global/pg_filenode.map
  /mnt/global/2694
  /mnt/global/1262_fsm
  /mnt/global/2965
  /mnt/global/1261_fsm
  /mnt/global/2397
  /mnt/global/2698
  /mnt/global/1232
  /mnt/global/1213_fsm
  /mnt/global/4061
  /mnt/global/1260_fsm
  /mnt/global/1262
  /mnt/global/2847
  /mnt/global/2672
========================================
VOLUME: 4fd103eb763dc04790af3e322370d37b69187715a5635ed6f0e1a2a60265262d
Found 0 files.
  /mnt/postmaster.opts
  /mnt/global/2677
  /mnt/global/3593
  /mnt/global/4184
  /mnt/global/1233
  /mnt/global/6001
  /mnt/global/pg_filenode.map
  /mnt/global/2694
  /mnt/global/1262_fsm
  /mnt/global/2965
  /mnt/global/1261_fsm
  /mnt/global/2397
  /mnt/global/2698
  /mnt/global/1232
  /mnt/global/1213_fsm
  /mnt/global/4061
  /mnt/global/1260_fsm
  /mnt/global/1262
  /mnt/global/2847
  /mnt/global/2672
========================================
VOLUME: 19cad3c6b46aec8043c5fa307f2fe9bbee3b65bdb3d2fa2d8d7383854f6d2b99
Found 0 files.
  /mnt/dev/logs/next-development.log
  /mnt/dev/routes-manifest.json
  /mnt/dev/_events_29.json
  /mnt/dev/server/middleware-manifest.json
  /mnt/dev/server/server-reference-manifest.json
  /mnt/dev/server/app/page.js
  /mnt/dev/server/app/page/react-loadable-manifest.json
  /mnt/dev/server/app/page/server-reference-manifest.json
  /mnt/dev/server/app/page/build-manifest.json
  /mnt/dev/server/app/page/next-font-manifest.json
  /mnt/dev/server/app/page/app-paths-manifest.json
  /mnt/dev/server/app/tournament/[id]/page.js
  /mnt/dev/server/app/tournament/[id]/dashboard/page.js
  /mnt/dev/server/app/tournament/[id]/dashboard/page/react-loadable-manifest.json
  /mnt/dev/server/app/tournament/[id]/dashboard/page/server-reference-manifest.json
  /mnt/dev/server/app/tournament/[id]/dashboard/page/build-manifest.json
  /mnt/dev/server/app/tournament/[id]/dashboard/page/next-font-manifest.json
  /mnt/dev/server/app/tournament/[id]/dashboard/page/app-paths-manifest.json
  /mnt/dev/server/app/tournament/[id]/dashboard/page.js.map
  /mnt/dev/server/app/tournament/[id]/dashboard/page_client-reference-manifest.js
========================================
VOLUME: 91beebeab1e361db371549ddcda214ee417c6809838c20c8d23f1e7b4afe5a91
Found 0 files.
  /mnt/postmaster.opts
  /mnt/global/2677
  /mnt/global/3593
  /mnt/global/4184
  /mnt/global/1233
  /mnt/global/6001
  /mnt/global/pg_filenode.map
  /mnt/global/2694
  /mnt/global/1262_fsm
  /mnt/global/2965
  /mnt/global/1261_fsm
  /mnt/global/2397
  /mnt/global/2698
  /mnt/global/1232
  /mnt/global/1213_fsm
  /mnt/global/4061
  /mnt/global/1260_fsm
  /mnt/global/1262
  /mnt/global/2847
  /mnt/global/2672
========================================
VOLUME: 231fc17e8995e7e83d5d3b0049bfb18e296e56afd81481da43a5da3d88a58b33
Found 0 files.
  /mnt/postmaster.opts
  /mnt/global/2677
  /mnt/global/3593
  /mnt/global/4184
  /mnt/global/1233
  /mnt/global/6001
  /mnt/global/pg_filenode.map
  /mnt/global/2694
  /mnt/global/1262_fsm
  /mnt/global/2965
  /mnt/global/1261_fsm
  /mnt/global/2397
  /mnt/global/2698
  /mnt/global/1232
  /mnt/global/1213_fsm
  /mnt/global/4061
  /mnt/global/1260_fsm
  /mnt/global/1262
  /mnt/global/2847
  /mnt/global/2672
========================================
VOLUME: 918a4be382363b64cc8bd49b549817b5d36861fa56edcee85584592cfeb23e82
Found 0 files.
  /mnt/reflect.getprototypeof/.nycrc
  /mnt/reflect.getprototypeof/implementation.js
  /mnt/reflect.getprototypeof/auto.js
  /mnt/reflect.getprototypeof/LICENSE
  /mnt/reflect.getprototypeof/shim.js
  /mnt/reflect.getprototypeof/polyfill.js
  /mnt/reflect.getprototypeof/README.md
  /mnt/reflect.getprototypeof/CHANGELOG.md
  /mnt/reflect.getprototypeof/.eslintrc
  /mnt/reflect.getprototypeof/package.json
  /mnt/reflect.getprototypeof/index.js
  /mnt/reflect.getprototypeof/test/implementation.js
  /mnt/reflect.getprototypeof/test/tests.js
  /mnt/reflect.getprototypeof/test/shimmed.js
  /mnt/reflect.getprototypeof/test/index.js
  /mnt/define-data-property/.nycrc
  /mnt/define-data-property/LICENSE
  /mnt/define-data-property/index.d.ts
  /mnt/define-data-property/.github/FUNDING.yml
  /mnt/define-data-property/README.md
========================================
VOLUME: 0979beb91fb99d212785180bd30bae3ea1f6f90e71447a294584f9cef26c5c2f
Found 0 files.
  /mnt/postmaster.opts
  /mnt/global/2677
  /mnt/global/3593
  /mnt/global/4184
  /mnt/global/1233
  /mnt/global/6001
  /mnt/global/pg_filenode.map
  /mnt/global/2694
  /mnt/global/1262_fsm
  /mnt/global/2965
  /mnt/global/1261_fsm
  /mnt/global/2397
  /mnt/global/2698
  /mnt/global/1232
  /mnt/global/1213_fsm
  /mnt/global/4061
  /mnt/global/1260_fsm
  /mnt/global/1262
  /mnt/global/2847
  /mnt/global/2672
========================================
VOLUME: 5279ad5b2407ff34c5e8ff468685e330bf2c2f782b7c111a35cb1caaea53e547
Found 0 files.
  /mnt/postmaster.opts
  /mnt/global/2677
  /mnt/global/3593
  /mnt/global/4184
  /mnt/global/1233
  /mnt/global/6001
  /mnt/global/pg_filenode.map
  /mnt/global/2694
  /mnt/global/1262_fsm
  /mnt/global/2965
  /mnt/global/1261_fsm
  /mnt/global/2397
  /mnt/global/2698
  /mnt/global/1232
  /mnt/global/1213_fsm
  /mnt/global/4061
  /mnt/global/1260_fsm
  /mnt/global/1262
  /mnt/global/2847
  /mnt/global/2672
========================================
VOLUME: 37724c37b38c2a3bfa9b763714194ed639e7d4d50f3d357d3fea2b93799a4e21
Found 0 files.
  /mnt/reflect.getprototypeof/.nycrc
  /mnt/reflect.getprototypeof/implementation.js
  /mnt/reflect.getprototypeof/auto.js
  /mnt/reflect.getprototypeof/LICENSE
  /mnt/reflect.getprototypeof/shim.js
  /mnt/reflect.getprototypeof/polyfill.js
  /mnt/reflect.getprototypeof/README.md
  /mnt/reflect.getprototypeof/CHANGELOG.md
  /mnt/reflect.getprototypeof/.eslintrc
  /mnt/reflect.getprototypeof/package.json
  /mnt/reflect.getprototypeof/index.js
  /mnt/reflect.getprototypeof/test/implementation.js
  /mnt/reflect.getprototypeof/test/tests.js
  /mnt/reflect.getprototypeof/test/shimmed.js
  /mnt/reflect.getprototypeof/test/index.js
  /mnt/define-data-property/.nycrc
  /mnt/define-data-property/LICENSE
  /mnt/define-data-property/index.d.ts
  /mnt/define-data-property/.github/FUNDING.yml
  /mnt/define-data-property/README.md
========================================
VOLUME: 8118944f814e667cacf4f9ccddeb33e983578a771cdbac2b50f7ebe884fd6924
Found 0 files.
  /mnt/postmaster.opts
  /mnt/global/2677
  /mnt/global/3593
  /mnt/global/4184
  /mnt/global/1233
  /mnt/global/6001
  /mnt/global/pg_filenode.map
  /mnt/global/2694
  /mnt/global/1262_fsm
  /mnt/global/2965
  /mnt/global/1261_fsm
  /mnt/global/2397
  /mnt/global/2698
  /mnt/global/1232
  /mnt/global/1213_fsm
  /mnt/global/4061
  /mnt/global/1260_fsm
  /mnt/global/1262
  /mnt/global/2847
  /mnt/global/2672
========================================
VOLUME: b52ab9bb5eea88f8ed37fb1ccf39517dcf84e73e2250c49f09edbef84ccf57dd
Found 0 files.
  /mnt/reflect.getprototypeof/.nycrc
  /mnt/reflect.getprototypeof/implementation.js
  /mnt/reflect.getprototypeof/auto.js
  /mnt/reflect.getprototypeof/LICENSE
  /mnt/reflect.getprototypeof/shim.js
  /mnt/reflect.getprototypeof/polyfill.js
  /mnt/reflect.getprototypeof/README.md
  /mnt/reflect.getprototypeof/CHANGELOG.md
  /mnt/reflect.getprototypeof/.eslintrc
  /mnt/reflect.getprototypeof/package.json
  /mnt/reflect.getprototypeof/index.js
  /mnt/reflect.getprototypeof/test/implementation.js
  /mnt/reflect.getprototypeof/test/tests.js
  /mnt/reflect.getprototypeof/test/shimmed.js
  /mnt/reflect.getprototypeof/test/index.js
  /mnt/define-data-property/.nycrc
  /mnt/define-data-property/LICENSE
  /mnt/define-data-property/index.d.ts
  /mnt/define-data-property/.github/FUNDING.yml
  /mnt/define-data-property/README.md
========================================
VOLUME: e5f27dcc1aa01f003d700f109a4aa89ac7ffd8e695425f87a9577277c8893d30
Found 0 files.
  /mnt/postmaster.opts
  /mnt/global/2677
  /mnt/global/3593
  /mnt/global/4184
  /mnt/global/1233
  /mnt/global/6001
  /mnt/global/pg_filenode.map
  /mnt/global/2694
  /mnt/global/1262_fsm
  /mnt/global/2965
  /mnt/global/1261_fsm
  /mnt/global/2397
  /mnt/global/2698
  /mnt/global/1232
  /mnt/global/1213_fsm
  /mnt/global/4061
  /mnt/global/1260_fsm
  /mnt/global/1262
  /mnt/global/2847
  /mnt/global/2672
========================================
VOLUME: ec99eb23a7f2a2d9691ae221098dfc1225e53b5a25d7f800d4f6f6ebfe50637e
Found 0 files.
  /mnt/reflect.getprototypeof/.nycrc
  /mnt/reflect.getprototypeof/implementation.js
  /mnt/reflect.getprototypeof/auto.js
  /mnt/reflect.getprototypeof/LICENSE
  /mnt/reflect.getprototypeof/shim.js
  /mnt/reflect.getprototypeof/polyfill.js
  /mnt/reflect.getprototypeof/README.md
  /mnt/reflect.getprototypeof/CHANGELOG.md
  /mnt/reflect.getprototypeof/.eslintrc
  /mnt/reflect.getprototypeof/package.json
  /mnt/reflect.getprototypeof/index.js
  /mnt/reflect.getprototypeof/test/implementation.js
  /mnt/reflect.getprototypeof/test/tests.js
  /mnt/reflect.getprototypeof/test/shimmed.js
  /mnt/reflect.getprototypeof/test/index.js
  /mnt/define-data-property/.nycrc
  /mnt/define-data-property/LICENSE
  /mnt/define-data-property/index.d.ts
  /mnt/define-data-property/.github/FUNDING.yml
  /mnt/define-data-property/README.md
========================================
VOLUME: ec518f6a-c5b5-4935-a3bd-71616e26ed04_pgdata
Found 0 files.
  /mnt/postmaster.opts
  /mnt/global/2677
  /mnt/global/3593
  /mnt/global/4184
  /mnt/global/1233
  /mnt/global/6001
  /mnt/global/pg_filenode.map
  /mnt/global/2694
  /mnt/global/1262_fsm
  /mnt/global/2965
  /mnt/global/1261_fsm
  /mnt/global/2397
  /mnt/global/2698
  /mnt/global/1232
  /mnt/global/1213_fsm
  /mnt/global/4061
  /mnt/global/1260_fsm
  /mnt/global/1262
  /mnt/global/2847
  /mnt/global/2672
========================================
VOLUME: ec518f6a-c5b5-4935-a3bd-71616e26ed04_postgres_data
Found 0 files.
  /mnt/postmaster.opts
  /mnt/global/2677
  /mnt/global/3593
  /mnt/global/4184
  /mnt/global/1233
  /mnt/global/6001
  /mnt/global/pg_filenode.map
  /mnt/global/2694
  /mnt/global/1262_fsm
  /mnt/global/2965
  /mnt/global/1261_fsm
  /mnt/global/2397
  /mnt/global/2698
  /mnt/global/1232
  /mnt/global/1213_fsm
  /mnt/global/4061
  /mnt/global/1260_fsm
  /mnt/global/1262
  /mnt/global/2847
  /mnt/global/2672
========================================
VOLUME: f1bc7d6f1ddef1a3556003edcdd3923d38f8609a9da229403df290b570fa19c6
Found 0 files.
  /mnt/reflect.getprototypeof/.nycrc
  /mnt/reflect.getprototypeof/implementation.js
  /mnt/reflect.getprototypeof/auto.js
  /mnt/reflect.getprototypeof/LICENSE
  /mnt/reflect.getprototypeof/shim.js
  /mnt/reflect.getprototypeof/polyfill.js
  /mnt/reflect.getprototypeof/README.md
  /mnt/reflect.getprototypeof/CHANGELOG.md
  /mnt/reflect.getprototypeof/.eslintrc
  /mnt/reflect.getprototypeof/package.json
  /mnt/reflect.getprototypeof/index.js
  /mnt/reflect.getprototypeof/test/implementation.js
  /mnt/reflect.getprototypeof/test/tests.js
  /mnt/reflect.getprototypeof/test/shimmed.js
  /mnt/reflect.getprototypeof/test/index.js
  /mnt/define-data-property/.nycrc
  /mnt/define-data-property/LICENSE
  /mnt/define-data-property/index.d.ts
  /mnt/define-data-property/.github/FUNDING.yml
  /mnt/define-data-property/README.md
========================================
VOLUME: f6be8f4b00161688c141ca04362814ba6a72a4f3beb51456827558d07fb22110
Found 0 files.
  /mnt/reflect.getprototypeof/.nycrc
  /mnt/reflect.getprototypeof/implementation.js
  /mnt/reflect.getprototypeof/auto.js
  /mnt/reflect.getprototypeof/LICENSE
  /mnt/reflect.getprototypeof/shim.js
  /mnt/reflect.getprototypeof/polyfill.js
  /mnt/reflect.getprototypeof/README.md
  /mnt/reflect.getprototypeof/CHANGELOG.md
  /mnt/reflect.getprototypeof/.eslintrc
  /mnt/reflect.getprototypeof/package.json
  /mnt/reflect.getprototypeof/index.js
  /mnt/reflect.getprototypeof/test/implementation.js
  /mnt/reflect.getprototypeof/test/tests.js
  /mnt/reflect.getprototypeof/test/shimmed.js
  /mnt/reflect.getprototypeof/test/index.js
  /mnt/define-data-property/.nycrc
  /mnt/define-data-property/LICENSE
  /mnt/define-data-property/index.d.ts
  /mnt/define-data-property/.github/FUNDING.yml
  /mnt/define-data-property/README.md
========================================
VOLUME: f437e1592abb22866c7fecb02e6d397a87cde9ac951557a1d249448e2283ce45
Found 0 files.
  /mnt/reflect.getprototypeof/.nycrc
  /mnt/reflect.getprototypeof/implementation.js
  /mnt/reflect.getprototypeof/auto.js
  /mnt/reflect.getprototypeof/LICENSE
  /mnt/reflect.getprototypeof/shim.js
  /mnt/reflect.getprototypeof/polyfill.js
  /mnt/reflect.getprototypeof/README.md
  /mnt/reflect.getprototypeof/CHANGELOG.md
  /mnt/reflect.getprototypeof/.eslintrc
  /mnt/reflect.getprototypeof/package.json
  /mnt/reflect.getprototypeof/index.js
  /mnt/reflect.getprototypeof/test/implementation.js
  /mnt/reflect.getprototypeof/test/tests.js
  /mnt/reflect.getprototypeof/test/shimmed.js
  /mnt/reflect.getprototypeof/test/index.js
  /mnt/define-data-property/.nycrc
  /mnt/define-data-property/LICENSE
  /mnt/define-data-property/index.d.ts
  /mnt/define-data-property/.github/FUNDING.yml
  /mnt/define-data-property/README.md
========================================
VOLUME: fd83ecd0881aabfe14c5293368bdd9b3ad46c69e0ace47c6da0041811d3e75c8
Found 0 files.
  /mnt/reflect.getprototypeof/.nycrc
  /mnt/reflect.getprototypeof/implementation.js
  /mnt/reflect.getprototypeof/auto.js
  /mnt/reflect.getprototypeof/LICENSE
  /mnt/reflect.getprototypeof/shim.js
  /mnt/reflect.getprototypeof/polyfill.js
  /mnt/reflect.getprototypeof/README.md
  /mnt/reflect.getprototypeof/CHANGELOG.md
  /mnt/reflect.getprototypeof/.eslintrc
  /mnt/reflect.getprototypeof/package.json
  /mnt/reflect.getprototypeof/index.js
  /mnt/reflect.getprototypeof/test/implementation.js
  /mnt/reflect.getprototypeof/test/tests.js
  /mnt/reflect.getprototypeof/test/shimmed.js
  /mnt/reflect.getprototypeof/test/index.js
  /mnt/define-data-property/.nycrc
  /mnt/define-data-property/LICENSE
  /mnt/define-data-property/index.d.ts
  /mnt/define-data-property/.github/FUNDING.yml
  /mnt/define-data-property/README.md
