----------------------------------------
Checking volume: 4b8755a5fde2539462026e3273bdf9f4725532f2f5e21de5acbf1663a23e4ce9
Status: running
-> Volume is empty or failed to boot.
----------------------------------------
Checking volume: e5f27dcc1aa01f003d700f109a4aa89ac7ffd8e695425f87a9577277c8893d30
Status: running
-> Volume is empty or failed to boot.
----------------------------------------
Checking volume: 91beebeab1e361db371549ddcda214ee417c6809838c20c8d23f1e7b4afe5a91
Status: running
-> Volume is empty or failed to boot.
----------------------------------------
Checking volume: 231fc17e8995e7e83d5d3b0049bfb18e296e56afd81481da43a5da3d88a58b33
Status: running
-> Volume is empty or failed to boot.
----------------------------------------
Checking volume: 0979beb91fb99d212785180bd30bae3ea1f6f90e71447a294584f9cef26c5c2f
Status: running
-> Volume is empty or failed to boot.
----------------------------------------
Checking volume: 5279ad5b2407ff34c5e8ff468685e330bf2c2f782b7c111a35cb1caaea53e547
Status: running
-> Volume is empty or failed to boot.
----------------------------------------
Checking volume: 8118944f814e667cacf4f9ccddeb33e983578a771cdbac2b50f7ebe884fd6924
Status: running
-> Volume is empty or failed to boot.
----------------------------------------
Checking volume: 19cad3c6b46aec8043c5fa307f2fe9bbee3b65bdb3d2fa2d8d7383854f6d2b99
Status: exited
-> Volume is empty or failed to boot.
----------------------------------------
Checking volume: fd83ecd0881aabfe14c5293368bdd9b3ad46c69e0ace47c6da0041811d3e75c8
Status: exited
-> Volume is empty or failed to boot.
